0 info it worked if it ends with ok
1 verbose cli [ 'node', '/usr/local/bin/npm', 'init' ]
2 info using npm@1.2.25
3 info using node@v0.10.10
4 verbose read json /Users/spurcell/Projects/Rec-eng/package.json
5 silly package data undefined
6 info init written successfully
7 error Error: canceled
7 error     at Interface.<anonymous> (/usr/local/lib/node_modules/npm/node_modules/read/lib/read.js:65:13)
7 error     at Interface.EventEmitter.emit (events.js:92:17)
7 error     at Interface._ttyWrite (readline.js:620:16)
7 error     at ReadStream.onkeypress (readline.js:99:10)
7 error     at ReadStream.EventEmitter.emit (events.js:98:17)
7 error     at emitKey (readline.js:1089:12)
7 error     at ReadStream.onData (readline.js:834:14)
7 error     at ReadStream.EventEmitter.emit (events.js:95:17)
7 error     at ReadStream.<anonymous> (_stream_readable.js:736:14)
7 error     at ReadStream.EventEmitter.emit (events.js:92:17)
8 error If you need help, you may report this log at:
8 error     <http://github.com/isaacs/npm/issues>
8 error or email it to:
8 error     <npm-@googlegroups.com>
9 error System Darwin 11.4.2
10 error command "node" "/usr/local/bin/npm" "init"
11 error cwd /Users/spurcell/Projects/Rec-eng
12 error node -v v0.10.10
13 error npm -v 1.2.25
14 verbose exit [ 1, true ]
